Compiling the C compiler identification source file "CMakeCCompilerId.c" failed.
Compiler: CMAKE_C_COMPILER-NOTFOUND 
Build flags: -mlongcalls;-Wno-frame-address;
Id flags:  

The output was:
El sistema no puede encontrar el archivo especificado


Compiling the C compiler identification source file "CMakeCCompilerId.c" failed.
Compiler: CMAKE_C_COMPILER-NOTFOUND 
Build flags: -mlongcalls;-Wno-frame-address;
Id flags: -c 

The output was:
El sistema no puede encontrar el archivo especificado


Compiling the C compiler identification source file "CMakeCCompilerId.c" failed.
Compiler: CMAKE_C_COMPILER-NOTFOUND 
Build flags: -mlongcalls;-Wno-frame-address;
Id flags: -Aa 

The output was:
El sistema no puede encontrar el archivo especificado


Compiling the C compiler identification source file "CMakeCCompilerId.c" failed.
Compiler: CMAKE_C_COMPILER-NOTFOUND 
Build flags: -mlongcalls;-Wno-frame-address;
Id flags: -D__CLASSIC_C__ 

The output was:
El sistema no puede encontrar el archivo especificado


Compiling the C compiler identification source file "CMakeCCompilerId.c" failed.
Compiler: CMAKE_C_COMPILER-NOTFOUND 
Build flags: -mlongcalls;-Wno-frame-address;
Id flags: --target=arm-arm-none-eabi;-mcpu=cortex-m3 

The output was:
El sistema no puede encontrar el archivo especificado


Compiling the C compiler identification source file "CMakeCCompilerId.c" failed.
Compiler: CMAKE_C_COMPILER-NOTFOUND 
Build flags: -mlongcalls;-Wno-frame-address;
Id flags: -c;-I__does_not_exist__ 

The output was:
El sistema no puede encontrar el archivo especificado


Compiling the C compiler identification source file "CMakeCCompilerId.c" failed.
Compiler: CMAKE_C_COMPILER-NOTFOUND 
Build flags: 
Id flags:  

The output was:
El sistema no puede encontrar el archivo especificado


Compiling the C compiler identification source file "CMakeCCompilerId.c" failed.
Compiler: CMAKE_C_COMPILER-NOTFOUND 
Build flags: 
Id flags: -c 

The output was:
El sistema no puede encontrar el archivo especificado


Compiling the C compiler identification source file "CMakeCCompilerId.c" failed.
Compiler: CMAKE_C_COMPILER-NOTFOUND 
Build flags: 
Id flags: -Aa 

The output was:
El sistema no puede encontrar el archivo especificado


Compiling the C compiler identification source file "CMakeCCompilerId.c" failed.
Compiler: CMAKE_C_COMPILER-NOTFOUND 
Build flags: 
Id flags: -D__CLASSIC_C__ 

The output was:
El sistema no puede encontrar el archivo especificado


Compiling the C compiler identification source file "CMakeCCompilerId.c" failed.
Compiler: CMAKE_C_COMPILER-NOTFOUND 
Build flags: 
Id flags: --target=arm-arm-none-eabi;-mcpu=cortex-m3 

The output was:
El sistema no puede encontrar el archivo especificado


Compiling the C compiler identification source file "CMakeCCompilerId.c" failed.
Compiler: CMAKE_C_COMPILER-NOTFOUND 
Build flags: 
Id flags: -c;-I__does_not_exist__ 

The output was:
El sistema no puede encontrar el archivo especificado


Compiling the CXX compiler identification source file "CMakeCXXCompilerId.cpp" failed.
Compiler: CMAKE_CXX_COMPILER-NOTFOUND 
Build flags: -mlongcalls;-Wno-frame-address;
Id flags:  

The output was:
El sistema no puede encontrar el archivo especificado


Compiling the CXX compiler identification source file "CMakeCXXCompilerId.cpp" failed.
Compiler: CMAKE_CXX_COMPILER-NOTFOUND 
Build flags: -mlongcalls;-Wno-frame-address;
Id flags: -c 

The output was:
El sistema no puede encontrar el archivo especificado


Compiling the CXX compiler identification source file "CMakeCXXCompilerId.cpp" failed.
Compiler: CMAKE_CXX_COMPILER-NOTFOUND 
Build flags: -mlongcalls;-Wno-frame-address;
Id flags: --c++ 

The output was:
El sistema no puede encontrar el archivo especificado


Detecting C compiler ABI info failed to compile with the following output:
Change Dir: C:/Dropbox/EMIC/TARGETS/mariano.hunkeler__rfindustrial.com/pepexx/ESP32_DevKit_1/build/CMakeFiles/CMakeTmp

Run Build Command(s):C:/Espressif/tools/ninja/1.10.2/ninja.exe cmTC_b4755 && [1/2] Building C object CMakeFiles\cmTC_b4755.dir\CMakeCCompilerABI.c.obj
FAILED: CMakeFiles/cmTC_b4755.dir/CMakeCCompilerABI.c.obj 
CMAKE_C_COMPILER-NOTFOUND   -mlongcalls -Wno-frame-address     -v -o CMakeFiles\cmTC_b4755.dir\CMakeCCompilerABI.c.obj -c C:\Espressif\tools\cmake\3.24.0\share\cmake-3.24\Modules\CMakeCCompilerABI.c
CreateProcess failed: The system cannot find the file specified.
ninja: build stopped: subcommand failed.




Compiling the CXX compiler identification source file "CMakeCXXCompilerId.cpp" failed.
Compiler: CMAKE_CXX_COMPILER-NOTFOUND 
Build flags: -mlongcalls;-Wno-frame-address;
Id flags: --ec++ 

The output was:
El sistema no puede encontrar el archivo especificado


Compiling the CXX compiler identification source file "CMakeCXXCompilerId.cpp" failed.
Compiler: CMAKE_CXX_COMPILER-NOTFOUND 
Build flags: -mlongcalls;-Wno-frame-address;
Id flags: --target=arm-arm-none-eabi;-mcpu=cortex-m3 

The output was:
El sistema no puede encontrar el archivo especificado


Compiling the CXX compiler identification source file "CMakeCXXCompilerId.cpp" failed.
Compiler: CMAKE_CXX_COMPILER-NOTFOUND 
Build flags: -mlongcalls;-Wno-frame-address;
Id flags: -c;-I__does_not_exist__ 

The output was:
El sistema no puede encontrar el archivo especificado


Compiling the CXX compiler identification source file "CMakeCXXCompilerId.cpp" failed.
Compiler: CMAKE_CXX_COMPILER-NOTFOUND 
Build flags: 
Id flags:  

The output was:
El sistema no puede encontrar el archivo especificado


Compiling the CXX compiler identification source file "CMakeCXXCompilerId.cpp" failed.
Compiler: CMAKE_CXX_COMPILER-NOTFOUND 
Build flags: 
Id flags: -c 

The output was:
El sistema no puede encontrar el archivo especificado


Compiling the CXX compiler identification source file "CMakeCXXCompilerId.cpp" failed.
Compiler: CMAKE_CXX_COMPILER-NOTFOUND 
Build flags: 
Id flags: --c++ 

The output was:
El sistema no puede encontrar el archivo especificado


Compiling the CXX compiler identification source file "CMakeCXXCompilerId.cpp" failed.
Compiler: CMAKE_CXX_COMPILER-NOTFOUND 
Build flags: 
Id flags: --ec++ 

The output was:
El sistema no puede encontrar el archivo especificado


Compiling the CXX compiler identification source file "CMakeCXXCompilerId.cpp" failed.
Compiler: CMAKE_CXX_COMPILER-NOTFOUND 
Build flags: 
Id flags: --target=arm-arm-none-eabi;-mcpu=cortex-m3 

The output was:
El sistema no puede encontrar el archivo especificado


Compiling the CXX compiler identification source file "CMakeCXXCompilerId.cpp" failed.
Compiler: CMAKE_CXX_COMPILER-NOTFOUND 
Build flags: 
Id flags: -c;-I__does_not_exist__ 

The output was:
El sistema no puede encontrar el archivo especificado


